2023-10-27T00:53:52.291+03:00  INFO 2481 --- [restartedMain] c.j.s.SimpleSpringbootJwtApplication     : Starting SimpleSpringbootJwtApplication using Java 21 with PID 2481 (/Users/muhammedtuna/Desktop/fGitHub/simple-springboot-jwt/target/classes started by muhammedtuna in /Users/muhammedtuna/Desktop/fGitHub/simple-springboot-jwt)
2023-10-27T00:53:52.293+03:00  INFO 2481 --- [restartedMain] c.j.s.SimpleSpringbootJwtApplication     : No active profile set, falling back to 1 default profile: "default"
2023-10-27T00:53:52.310+03:00  INFO 2481 --- [restartedMain] .e.DevToolsPropertyDefaultsPostProcessor : Devtools property defaults active! Set 'spring.devtools.add-properties' to 'false' to disable
2023-10-27T00:53:52.310+03:00  INFO 2481 --- [restartedMain] .e.DevToolsPropertyDefaultsPostProcessor : For additional web related logging consider setting the 'logging.level.web' property to 'DEBUG'
2023-10-27T00:53:52.746+03:00  INFO 2481 --- [restartedMain] o.s.b.w.embedded.tomcat.TomcatWebServer  : Tomcat initialized with port(s): 8080 (http)
2023-10-27T00:53:52.750+03:00  INFO 2481 --- [restartedMain] o.apache.catalina.core.StandardService   : Starting service [Tomcat]
2023-10-27T00:53:52.750+03:00  INFO 2481 --- [restartedMain] o.apache.catalina.core.StandardEngine    : Starting Servlet engine: [Apache Tomcat/10.1.15]
2023-10-27T00:53:52.771+03:00  INFO 2481 --- [restartedMain] o.a.c.c.C.[Tomcat].[localhost].[/]       : Initializing Spring embedded WebApplicationContext
2023-10-27T00:53:52.771+03:00  INFO 2481 --- [restartedMain] w.s.c.ServletWebServerApplicationContext : Root WebApplicationContext: initialization completed in 461 ms
2023-10-27T00:53:52.837+03:00  WARN 2481 --- [restartedMain] ConfigServletWebServerApplicationContext : Exception encountered during context initialization - cancelling refresh attempt: org.springframework.beans.factory.UnsatisfiedDependencyException: Error creating bean with name 'webSecurityConfiguration': Unsatisfied dependency expressed through field 'userDetailsService': Error creating bean with name 'userDetailsServiceImpl': Unsatisfied dependency expressed through field 'passwordEncoder': No qualifying bean of type 'org.springframework.security.crypto.bcrypt.BCryptPasswordEncoder' available: expected at least 1 bean which qualifies as autowire candidate. Dependency annotations: {@org.springframework.beans.factory.annotation.Autowired(required=true)}
2023-10-27T00:53:52.838+03:00  INFO 2481 --- [restartedMain] o.apache.catalina.core.StandardService   : Stopping service [Tomcat]
2023-10-27T00:53:52.846+03:00  INFO 2481 --- [restartedMain] .s.b.a.l.ConditionEvaluationReportLogger : 

Error starting ApplicationContext. To display the condition evaluation report re-run your application with 'debug' enabled.
2023-10-27T00:53:52.855+03:00 ERROR 2481 --- [restartedMain] o.s.b.d.LoggingFailureAnalysisReporter   : 

***************************
APPLICATION FAILED TO START
***************************

Description:

Field passwordEncoder in com.javalier.simplespringbootjwt.security.UserDetailsServiceImpl required a bean of type 'org.springframework.security.crypto.bcrypt.BCryptPasswordEncoder' that could not be found.

The injection point has the following annotations:
	- @org.springframework.beans.factory.annotation.Autowired(required=true)


Action:

Consider defining a bean of type 'org.springframework.security.crypto.bcrypt.BCryptPasswordEncoder' in your configuration.

2023-10-27T00:55:42.098+03:00  INFO 2499 --- [restartedMain] c.j.s.SimpleSpringbootJwtApplication     : Starting SimpleSpringbootJwtApplication using Java 21 with PID 2499 (/Users/muhammedtuna/Desktop/fGitHub/simple-springboot-jwt/target/classes started by muhammedtuna in /Users/muhammedtuna/Desktop/fGitHub/simple-springboot-jwt)
2023-10-27T00:55:42.098+03:00  INFO 2499 --- [restartedMain] c.j.s.SimpleSpringbootJwtApplication     : No active profile set, falling back to 1 default profile: "default"
2023-10-27T00:55:42.115+03:00  INFO 2499 --- [restartedMain] .e.DevToolsPropertyDefaultsPostProcessor : Devtools property defaults active! Set 'spring.devtools.add-properties' to 'false' to disable
2023-10-27T00:55:42.115+03:00  INFO 2499 --- [restartedMain] .e.DevToolsPropertyDefaultsPostProcessor : For additional web related logging consider setting the 'logging.level.web' property to 'DEBUG'
2023-10-27T00:55:42.557+03:00  INFO 2499 --- [restartedMain] o.s.b.w.embedded.tomcat.TomcatWebServer  : Tomcat initialized with port(s): 8080 (http)
2023-10-27T00:55:42.560+03:00  INFO 2499 --- [restartedMain] o.apache.catalina.core.StandardService   : Starting service [Tomcat]
2023-10-27T00:55:42.560+03:00  INFO 2499 --- [restartedMain] o.apache.catalina.core.StandardEngine    : Starting Servlet engine: [Apache Tomcat/10.1.15]
2023-10-27T00:55:42.579+03:00  INFO 2499 --- [restartedMain] o.a.c.c.C.[Tomcat].[localhost].[/]       : Initializing Spring embedded WebApplicationContext
2023-10-27T00:55:42.580+03:00  INFO 2499 --- [restartedMain] w.s.c.ServletWebServerApplicationContext : Root WebApplicationContext: initialization completed in 465 ms
2023-10-27T00:55:42.853+03:00  INFO 2499 --- [restartedMain] o.s.b.a.e.web.EndpointLinksResolver      : Exposing 2 endpoint(s) beneath base path '/actuator'
2023-10-27T00:55:42.863+03:00  INFO 2499 --- [restartedMain] o.s.s.web.DefaultSecurityFilterChain     : Will secure any request with [org.springframework.security.web.session.DisableEncodeUrlFilter@6c8d5a8f, org.springframework.security.web.context.request.async.WebAsyncManagerIntegrationFilter@1d7f6926, org.springframework.security.web.context.SecurityContextHolderFilter@5f3ad5df, org.springframework.security.web.header.HeaderWriterFilter@e0149bd, org.springframework.security.web.authentication.logout.LogoutFilter@2a3674f6, com.javalier.simplespringbootjwt.security.JWTFilter@3436191f, org.springframework.security.web.savedrequest.RequestCacheAwareFilter@55e58ed0, org.springframework.security.web.servletapi.SecurityContextHolderAwareRequestFilter@4726c4b8, org.springframework.security.web.authentication.AnonymousAuthenticationFilter@1173a38a, org.springframework.security.web.session.SessionManagementFilter@5fb19c81, org.springframework.security.web.access.ExceptionTranslationFilter@1a01af78, org.springframework.security.web.access.intercept.AuthorizationFilter@2d2b8515]
2023-10-27T00:55:42.938+03:00  INFO 2499 --- [restartedMain] o.s.b.d.a.OptionalLiveReloadServer       : LiveReload server is running on port 35729
2023-10-27T00:55:42.959+03:00  INFO 2499 --- [restartedMain] o.s.b.w.embedded.tomcat.TomcatWebServer  : Tomcat started on port(s): 8080 (http) with context path ''
2023-10-27T00:55:42.965+03:00  INFO 2499 --- [restartedMain] c.j.s.SimpleSpringbootJwtApplication     : Started SimpleSpringbootJwtApplication in 1.008 seconds (process running for 1.242)
2023-10-27T00:55:43.499+03:00  INFO 2499 --- [RMI TCP Connection(3)-192.168.1.38] o.a.c.c.C.[Tomcat].[localhost].[/]       : Initializing Spring DispatcherServlet 'dispatcherServlet'
2023-10-27T00:55:43.499+03:00  INFO 2499 --- [RMI TCP Connection(3)-192.168.1.38] o.s.web.servlet.DispatcherServlet        : Initializing Servlet 'dispatcherServlet'
2023-10-27T00:55:43.500+03:00  INFO 2499 --- [RMI TCP Connection(3)-192.168.1.38] o.s.web.servlet.DispatcherServlet        : Completed initialization in 1 ms
2023-10-27T00:56:47.430+03:00 ERROR 2499 --- [http-nio-8080-exec-1] c.j.s.security.AuthEntryPointJwt         : Unauthorized error: Bad credentials
2023-10-27T00:56:47.434+03:00 ERROR 2499 --- [http-nio-8080-exec-1] c.j.s.security.AuthEntryPointJwt         : Unauthorized error: Full authentication is required to access this resource
2023-10-27T00:57:29.384+03:00 ERROR 2499 --- [http-nio-8080-exec-4] c.j.s.security.AuthEntryPointJwt         : Unauthorized error: Full authentication is required to access this resource
2023-10-27T00:57:29.389+03:00 ERROR 2499 --- [http-nio-8080-exec-4] c.j.s.security.AuthEntryPointJwt         : Unauthorized error: Full authentication is required to access this resource
